# Logfile created on 2012-08-09 17:26:07 -0700 by logger.rb/31641
REQUESTING PAGE: GET / with {} and HTTP headers {}
REQUESTING PAGE: GET /about with {} and HTTP headers {"HTTP_REFERER"=>"/"}
REQUESTING PAGE: GET /contact with {} and HTTP headers {"HTTP_REFERER"=>"/about"}
REQUESTING PAGE: GET / with {} and HTTP headers {"HTTP_REFERER"=>"/contact"}
REQUESTING PAGE: GET / with {} and HTTP headers {}
REQUESTING PAGE: GET /about with {} and HTTP headers {"HTTP_REFERER"=>"/"}
REQUESTING PAGE: GET /contact with {} and HTTP headers {"HTTP_REFERER"=>"/about"}
REQUESTING PAGE: GET / with {} and HTTP headers {"HTTP_REFERER"=>"/contact"}
REQUESTING PAGE: GET / with {} and HTTP headers {}
REQUESTING PAGE: GET /about with {} and HTTP headers {"HTTP_REFERER"=>"/"}
REQUESTING PAGE: GET /contact with {} and HTTP headers {"HTTP_REFERER"=>"/about"}
REQUESTING PAGE: GET / with {} and HTTP headers {"HTTP_REFERER"=>"/contact"}
REQUESTING PAGE: GET / with {} and HTTP headers {}
REQUESTING PAGE: GET /about with {} and HTTP headers {"HTTP_REFERER"=>"/"}
REQUESTING PAGE: GET /contact with {} and HTTP headers {"HTTP_REFERER"=>"/about"}
REQUESTING PAGE: GET / with {} and HTTP headers {"HTTP_REFERER"=>"/contact"}
REQUESTING PAGE: GET / with {} and HTTP headers {}
REQUESTING PAGE: GET /about with {} and HTTP headers {"HTTP_REFERER"=>"/"}
REQUESTING PAGE: GET /contact with {} and HTTP headers {"HTTP_REFERER"=>"/about"}
REQUESTING PAGE: GET / with {} and HTTP headers {"HTTP_REFERER"=>"/contact"}
REQUESTING PAGE: GET / with {} and HTTP headers {}
REQUESTING PAGE: GET /about with {} and HTTP headers {"HTTP_REFERER"=>"/"}
REQUESTING PAGE: GET /contact with {} and HTTP headers {"HTTP_REFERER"=>"/about"}
REQUESTING PAGE: GET / with {} and HTTP headers {"HTTP_REFERER"=>"/contact"}
REQUESTING PAGE: GET / with {} and HTTP headers {}
REQUESTING PAGE: GET /about with {} and HTTP headers {"HTTP_REFERER"=>"/"}
REQUESTING PAGE: GET /contact with {} and HTTP headers {"HTTP_REFERER"=>"/about"}
REQUESTING PAGE: GET / with {} and HTTP headers {"HTTP_REFERER"=>"/contact"}
REQUESTING PAGE: GET / with {} and HTTP headers {}
REQUESTING PAGE: GET /about with {} and HTTP headers {"HTTP_REFERER"=>"/"}
REQUESTING PAGE: GET /contact with {} and HTTP headers {"HTTP_REFERER"=>"/about"}
REQUESTING PAGE: GET / with {} and HTTP headers {"HTTP_REFERER"=>"/contact"}
REQUESTING PAGE: GET / with {} and HTTP headers {}
REQUESTING PAGE: GET /about with {} and HTTP headers {"HTTP_REFERER"=>"/"}
REQUESTING PAGE: GET /contact with {} and HTTP headers {"HTTP_REFERER"=>"/about"}
REQUESTING PAGE: GET / with {} and HTTP headers {"HTTP_REFERER"=>"/contact"}
REQUESTING PAGE: GET / with {} and HTTP headers {}
REQUESTING PAGE: GET /about with {} and HTTP headers {"HTTP_REFERER"=>"/"}
REQUESTING PAGE: GET /contact with {} and HTTP headers {"HTTP_REFERER"=>"/about"}
REQUESTING PAGE: GET / with {} and HTTP headers {"HTTP_REFERER"=>"/contact"}
REQUESTING PAGE: GET / with {} and HTTP headers {}
REQUESTING PAGE: GET /about with {} and HTTP headers {"HTTP_REFERER"=>"/"}
REQUESTING PAGE: GET /contact with {} and HTTP headers {"HTTP_REFERER"=>"/about"}
REQUESTING PAGE: GET / with {} and HTTP headers {"HTTP_REFERER"=>"/contact"}
REQUESTING PAGE: GET / with {} and HTTP headers {}
REQUESTING PAGE: GET /about with {} and HTTP headers {"HTTP_REFERER"=>"/"}
REQUESTING PAGE: GET /contact with {} and HTTP headers {"HTTP_REFERER"=>"/about"}
REQUESTING PAGE: GET / with {} and HTTP headers {"HTTP_REFERER"=>"/contact"}
REQUESTING PAGE: GET / with {} and HTTP headers {}
REQUESTING PAGE: GET /about with {} and HTTP headers {"HTTP_REFERER"=>"/"}
REQUESTING PAGE: GET /contact with {} and HTTP headers {"HTTP_REFERER"=>"/about"}
REQUESTING PAGE: GET / with {} and HTTP headers {"HTTP_REFERER"=>"/contact"}
REQUESTING PAGE: GET / with {} and HTTP headers {}
REQUESTING PAGE: GET /about with {} and HTTP headers {"HTTP_REFERER"=>"/"}
REQUESTING PAGE: GET /contact with {} and HTTP headers {"HTTP_REFERER"=>"/about"}
REQUESTING PAGE: GET / with {} and HTTP headers {"HTTP_REFERER"=>"/contact"}
REQUESTING PAGE: GET / with {} and HTTP headers {}
REQUESTING PAGE: GET /about with {} and HTTP headers {"HTTP_REFERER"=>"/"}
REQUESTING PAGE: GET /contact with {} and HTTP headers {"HTTP_REFERER"=>"/about"}
REQUESTING PAGE: GET / with {} and HTTP headers {"HTTP_REFERER"=>"/contact"}
REQUESTING PAGE: GET / with {} and HTTP headers {}
REQUESTING PAGE: GET /about with {} and HTTP headers {"HTTP_REFERER"=>"/"}
REQUESTING PAGE: GET /contact with {} and HTTP headers {"HTTP_REFERER"=>"/about"}
REQUESTING PAGE: GET / with {} and HTTP headers {"HTTP_REFERER"=>"/contact"}
REQUESTING PAGE: GET / with {} and HTTP headers {}
REQUESTING PAGE: GET /about with {} and HTTP headers {"HTTP_REFERER"=>"/"}
REQUESTING PAGE: GET /contact with {} and HTTP headers {"HTTP_REFERER"=>"/about"}
REQUESTING PAGE: GET / with {} and HTTP headers {"HTTP_REFERER"=>"/contact"}
REQUESTING PAGE: GET / with {} and HTTP headers {}
REQUESTING PAGE: GET /about with {} and HTTP headers {"HTTP_REFERER"=>"/"}
REQUESTING PAGE: GET /contact with {} and HTTP headers {"HTTP_REFERER"=>"/about"}
REQUESTING PAGE: GET / with {} and HTTP headers {"HTTP_REFERER"=>"/contact"}
REQUESTING PAGE: GET / with {} and HTTP headers {}
REQUESTING PAGE: GET /about with {} and HTTP headers {"HTTP_REFERER"=>"/"}
REQUESTING PAGE: GET /contact with {} and HTTP headers {"HTTP_REFERER"=>"/about"}
REQUESTING PAGE: GET / with {} and HTTP headers {"HTTP_REFERER"=>"/contact"}
REQUESTING PAGE: GET / with {} and HTTP headers {}
REQUESTING PAGE: GET /about with {} and HTTP headers {"HTTP_REFERER"=>"/"}
REQUESTING PAGE: GET /contact with {} and HTTP headers {"HTTP_REFERER"=>"/about"}
REQUESTING PAGE: GET / with {} and HTTP headers {"HTTP_REFERER"=>"/contact"}
REQUESTING PAGE: GET / with {} and HTTP headers {}
REQUESTING PAGE: GET /about with {} and HTTP headers {"HTTP_REFERER"=>"/"}
REQUESTING PAGE: GET /contact with {} and HTTP headers {"HTTP_REFERER"=>"/about"}
REQUESTING PAGE: GET / with {} and HTTP headers {"HTTP_REFERER"=>"/contact"}
REQUESTING PAGE: GET /signup with {} and HTTP headers {"HTTP_REFERER"=>"/"}
REQUESTING PAGE: GET / with {} and HTTP headers {}
REQUESTING PAGE: GET /about with {} and HTTP headers {"HTTP_REFERER"=>"/"}
REQUESTING PAGE: GET /contact with {} and HTTP headers {"HTTP_REFERER"=>"/about"}
REQUESTING PAGE: GET / with {} and HTTP headers {"HTTP_REFERER"=>"/contact"}
REQUESTING PAGE: GET /signup with {} and HTTP headers {"HTTP_REFERER"=>"/"}
REQUESTING PAGE: GET / with {} and HTTP headers {}
REQUESTING PAGE: GET /about with {} and HTTP headers {"HTTP_REFERER"=>"/"}
REQUESTING PAGE: GET /contact with {} and HTTP headers {"HTTP_REFERER"=>"/about"}
REQUESTING PAGE: GET / with {} and HTTP headers {"HTTP_REFERER"=>"/contact"}
REQUESTING PAGE: GET /signup with {} and HTTP headers {"HTTP_REFERER"=>"/"}
REQUESTING PAGE: GET / with {} and HTTP headers {}
REQUESTING PAGE: GET /about with {} and HTTP headers {"HTTP_REFERER"=>"/"}
REQUESTING PAGE: GET /contact with {} and HTTP headers {"HTTP_REFERER"=>"/about"}
REQUESTING PAGE: GET / with {} and HTTP headers {"HTTP_REFERER"=>"/contact"}
REQUESTING PAGE: GET /signup with {} and HTTP headers {"HTTP_REFERER"=>"/"}
REQUESTING PAGE: GET / with {} and HTTP headers {}
REQUESTING PAGE: GET /about with {} and HTTP headers {"HTTP_REFERER"=>"/"}
REQUESTING PAGE: GET /contact with {} and HTTP headers {"HTTP_REFERER"=>"/about"}
REQUESTING PAGE: GET / with {} and HTTP headers {"HTTP_REFERER"=>"/contact"}
REQUESTING PAGE: GET /signup with {} and HTTP headers {"HTTP_REFERER"=>"/"}
REQUESTING PAGE: GET / with {} and HTTP headers {}
REQUESTING PAGE: GET /about with {} and HTTP headers {"HTTP_REFERER"=>"/"}
REQUESTING PAGE: GET /contact with {} and HTTP headers {"HTTP_REFERER"=>"/about"}
REQUESTING PAGE: GET / with {} and HTTP headers {"HTTP_REFERER"=>"/contact"}
REQUESTING PAGE: GET /signup with {} and HTTP headers {"HTTP_REFERER"=>"/"}
REQUESTING PAGE: GET / with {} and HTTP headers {}
REQUESTING PAGE: GET /about with {} and HTTP headers {"HTTP_REFERER"=>"/"}
REQUESTING PAGE: GET /contact with {} and HTTP headers {"HTTP_REFERER"=>"/about"}
REQUESTING PAGE: GET / with {} and HTTP headers {"HTTP_REFERER"=>"/contact"}
REQUESTING PAGE: GET /signup with {} and HTTP headers {"HTTP_REFERER"=>"/"}
REQUESTING PAGE: GET / with {} and HTTP headers {}
REQUESTING PAGE: GET /about with {} and HTTP headers {"HTTP_REFERER"=>"/"}
REQUESTING PAGE: GET /contact with {} and HTTP headers {"HTTP_REFERER"=>"/about"}
REQUESTING PAGE: GET / with {} and HTTP headers {"HTTP_REFERER"=>"/contact"}
REQUESTING PAGE: GET /signup with {} and HTTP headers {"HTTP_REFERER"=>"/"}
REQUESTING PAGE: GET / with {} and HTTP headers {}
REQUESTING PAGE: GET /about with {} and HTTP headers {"HTTP_REFERER"=>"/"}
REQUESTING PAGE: GET /contact with {} and HTTP headers {"HTTP_REFERER"=>"/about"}
REQUESTING PAGE: GET / with {} and HTTP headers {"HTTP_REFERER"=>"/contact"}
REQUESTING PAGE: GET /signup with {} and HTTP headers {"HTTP_REFERER"=>"/"}
REQUESTING PAGE: GET / with {} and HTTP headers {}
REQUESTING PAGE: GET /about with {} and HTTP headers {"HTTP_REFERER"=>"/"}
REQUESTING PAGE: GET /contact with {} and HTTP headers {"HTTP_REFERER"=>"/about"}
REQUESTING PAGE: GET / with {} and HTTP headers {"HTTP_REFERER"=>"/contact"}
REQUESTING PAGE: GET /signup with {} and HTTP headers {"HTTP_REFERER"=>"/"}
REQUESTING PAGE: GET / with {} and HTTP headers {}
REQUESTING PAGE: GET /about with {} and HTTP headers {"HTTP_REFERER"=>"/"}
REQUESTING PAGE: GET /contact with {} and HTTP headers {"HTTP_REFERER"=>"/about"}
REQUESTING PAGE: GET / with {} and HTTP headers {"HTTP_REFERER"=>"/contact"}
REQUESTING PAGE: GET /signup with {} and HTTP headers {"HTTP_REFERER"=>"/"}
REQUESTING PAGE: GET / with {} and HTTP headers {}
REQUESTING PAGE: GET /about with {} and HTTP headers {"HTTP_REFERER"=>"/"}
REQUESTING PAGE: GET /contact with {} and HTTP headers {"HTTP_REFERER"=>"/about"}
REQUESTING PAGE: GET / with {} and HTTP headers {"HTTP_REFERER"=>"/contact"}
REQUESTING PAGE: GET /signup with {} and HTTP headers {"HTTP_REFERER"=>"/"}
REQUESTING PAGE: GET / with {} and HTTP headers {}
REQUESTING PAGE: GET /about with {} and HTTP headers {"HTTP_REFERER"=>"/"}
REQUESTING PAGE: GET /contact with {} and HTTP headers {"HTTP_REFERER"=>"/about"}
REQUESTING PAGE: GET / with {} and HTTP headers {"HTTP_REFERER"=>"/contact"}
REQUESTING PAGE: GET /signup with {} and HTTP headers {"HTTP_REFERER"=>"/"}
REQUESTING PAGE: GET / with {} and HTTP headers {}
REQUESTING PAGE: GET /about with {} and HTTP headers {"HTTP_REFERER"=>"/"}
REQUESTING PAGE: GET /contact with {} and HTTP headers {"HTTP_REFERER"=>"/about"}
REQUESTING PAGE: GET / with {} and HTTP headers {"HTTP_REFERER"=>"/contact"}
REQUESTING PAGE: GET /signup with {} and HTTP headers {"HTTP_REFERER"=>"/"}
REQUESTING PAGE: GET / with {} and HTTP headers {}
REQUESTING PAGE: GET /about with {} and HTTP headers {"HTTP_REFERER"=>"/"}
REQUESTING PAGE: GET /contact with {} and HTTP headers {"HTTP_REFERER"=>"/about"}
REQUESTING PAGE: GET / with {} and HTTP headers {"HTTP_REFERER"=>"/contact"}
REQUESTING PAGE: GET /signup with {} and HTTP headers {"HTTP_REFERER"=>"/"}
REQUESTING PAGE: GET / with {} and HTTP headers {}
REQUESTING PAGE: GET /about with {} and HTTP headers {"HTTP_REFERER"=>"/"}
REQUESTING PAGE: GET /contact with {} and HTTP headers {"HTTP_REFERER"=>"/about"}
REQUESTING PAGE: GET / with {} and HTTP headers {"HTTP_REFERER"=>"/contact"}
REQUESTING PAGE: GET /signup with {} and HTTP headers {"HTTP_REFERER"=>"/"}
REQUESTING PAGE: GET / with {} and HTTP headers {}
REQUESTING PAGE: GET /about with {} and HTTP headers {"HTTP_REFERER"=>"/"}
REQUESTING PAGE: GET /contact with {} and HTTP headers {"HTTP_REFERER"=>"/about"}
REQUESTING PAGE: GET / with {} and HTTP headers {"HTTP_REFERER"=>"/contact"}
REQUESTING PAGE: GET /signup with {} and HTTP headers {"HTTP_REFERER"=>"/"}
REQUESTING PAGE: GET / with {} and HTTP headers {}
REQUESTING PAGE: GET /about with {} and HTTP headers {"HTTP_REFERER"=>"/"}
REQUESTING PAGE: GET /contact with {} and HTTP headers {"HTTP_REFERER"=>"/about"}
REQUESTING PAGE: GET / with {} and HTTP headers {"HTTP_REFERER"=>"/contact"}
REQUESTING PAGE: GET /signup with {} and HTTP headers {"HTTP_REFERER"=>"/"}
REQUESTING PAGE: GET / with {} and HTTP headers {}
REQUESTING PAGE: GET /about with {} and HTTP headers {"HTTP_REFERER"=>"/"}
REQUESTING PAGE: GET /contact with {} and HTTP headers {"HTTP_REFERER"=>"/about"}
REQUESTING PAGE: GET / with {} and HTTP headers {"HTTP_REFERER"=>"/contact"}
REQUESTING PAGE: GET /signup with {} and HTTP headers {"HTTP_REFERER"=>"/"}
REQUESTING PAGE: GET / with {} and HTTP headers {}
REQUESTING PAGE: GET /about with {} and HTTP headers {"HTTP_REFERER"=>"/"}
REQUESTING PAGE: GET /contact with {} and HTTP headers {"HTTP_REFERER"=>"/about"}
REQUESTING PAGE: GET / with {} and HTTP headers {"HTTP_REFERER"=>"/contact"}
REQUESTING PAGE: GET /signup with {} and HTTP headers {"HTTP_REFERER"=>"/"}
REQUESTING PAGE: GET / with {} and HTTP headers {}
REQUESTING PAGE: GET /about with {} and HTTP headers {"HTTP_REFERER"=>"/"}
REQUESTING PAGE: GET /contact with {} and HTTP headers {"HTTP_REFERER"=>"/about"}
REQUESTING PAGE: GET / with {} and HTTP headers {"HTTP_REFERER"=>"/contact"}
REQUESTING PAGE: GET /signup with {} and HTTP headers {"HTTP_REFERER"=>"/"}
REQUESTING PAGE: GET / with {} and HTTP headers {}
REQUESTING PAGE: GET /about with {} and HTTP headers {"HTTP_REFERER"=>"/"}
REQUESTING PAGE: GET /contact with {} and HTTP headers {"HTTP_REFERER"=>"/about"}
REQUESTING PAGE: GET / with {} and HTTP headers {"HTTP_REFERER"=>"/contact"}
REQUESTING PAGE: GET /signup with {} and HTTP headers {"HTTP_REFERER"=>"/"}
REQUESTING PAGE: GET / with {} and HTTP headers {}
REQUESTING PAGE: GET /about with {} and HTTP headers {"HTTP_REFERER"=>"/"}
REQUESTING PAGE: GET /contact with {} and HTTP headers {"HTTP_REFERER"=>"/about"}
REQUESTING PAGE: GET / with {} and HTTP headers {"HTTP_REFERER"=>"/contact"}
REQUESTING PAGE: GET /signup with {} and HTTP headers {"HTTP_REFERER"=>"/"}
REQUESTING PAGE: GET / with {} and HTTP headers {}
REQUESTING PAGE: GET /about with {} and HTTP headers {"HTTP_REFERER"=>"/"}
REQUESTING PAGE: GET /contact with {} and HTTP headers {"HTTP_REFERER"=>"/about"}
REQUESTING PAGE: GET / with {} and HTTP headers {"HTTP_REFERER"=>"/contact"}
REQUESTING PAGE: GET /signup with {} and HTTP headers {"HTTP_REFERER"=>"/"}
REQUESTING PAGE: GET / with {} and HTTP headers {}
REQUESTING PAGE: GET /about with {} and HTTP headers {"HTTP_REFERER"=>"/"}
REQUESTING PAGE: GET /contact with {} and HTTP headers {"HTTP_REFERER"=>"/about"}
REQUESTING PAGE: GET / with {} and HTTP headers {"HTTP_REFERER"=>"/contact"}
REQUESTING PAGE: GET /signup with {} and HTTP headers {"HTTP_REFERER"=>"/"}
